<?xml version="1.0" encoding="UTF-8"?>
<testsuite name="io.backbay.arc.ArcFilterCapabilityTransportTest" tests="2" skipped="0" failures="0" errors="0" timestamp="2026-04-15T02:00:23" hostname="Connors-MacBook-Pro.local" time="0.551">
  <properties/>
  <testcase name="fail-open passthrough does not attach a synthetic receipt header()" classname="io.backbay.arc.ArcFilterCapabilityTransportTest" time="0.458"/>
  <testcase name="query capability token is forwarded to sidecar()" classname="io.backbay.arc.ArcFilterCapabilityTransportTest" time="0.093"/>
  <system-out><![CDATA[]]></system-out>
  <system-err><![CDATA[]]></system-err>
</testsuite>
