<?xml version="1.0" encoding="UTF-8"?>
<testsuite name="io.backbay.arc.ArcTypesTest" tests="10" skipped="0" failures="0" errors="0" timestamp="2026-04-15T02:00:23" hostname="Connors-MacBook-Pro.local" time="0.232">
  <properties/>
  <testcase name="caller identity anonymous serialization()" classname="io.backbay.arc.ArcTypesTest" time="0.007"/>
  <testcase name="guard evidence serialization()" classname="io.backbay.arc.ArcTypesTest" time="0.003"/>
  <testcase name="evaluate response deserialization()" classname="io.backbay.arc.ArcTypesTest" time="0.005"/>
  <testcase name="sha256 hex known vector()" classname="io.backbay.arc.ArcTypesTest" time="0.001"/>
  <testcase name="arc http request serialization()" classname="io.backbay.arc.ArcTypesTest" time="0.106"/>
  <testcase name="caller identity bearer serialization()" classname="io.backbay.arc.ArcTypesTest" time="0.004"/>
  <testcase name="error response serialization()" classname="io.backbay.arc.ArcTypesTest" time="0.003"/>
  <testcase name="verdict deny serialization()" classname="io.backbay.arc.ArcTypesTest" time="0.003"/>
  <testcase name="http receipt serialization roundtrip()" classname="io.backbay.arc.ArcTypesTest" time="0.094"/>
  <testcase name="verdict allow serialization()" classname="io.backbay.arc.ArcTypesTest" time="0.002"/>
  <system-out><![CDATA[]]></system-out>
  <system-err><![CDATA[]]></system-err>
</testsuite>
